c:\users\ynari\source\repos\rhythm paradise\x64\debug\vc143.pdb
c:\users\ynari\source\repos\rhythm paradise\x64\debug\vc143.idb
c:\users\ynari\source\repos\rhythm paradise\x64\debug\soundefect.obj
c:\users\ynari\source\repos\rhythm paradise\x64\debug\main.obj
c:\users\ynari\source\repos\rhythm paradise\x64\debug\utikomi.obj
c:\users\ynari\source\repos\rhythm paradise\x64\debug\pause.obj
c:\users\ynari\source\repos\rhythm paradise\x64\debug\setting.obj
c:\users\ynari\source\repos\rhythm paradise\x64\debug\my project.exe
c:\users\ynari\source\repos\rhythm paradise\x64\debug\my project.ilk
c:\users\ynari\source\repos\rhythm paradise\x64\debug\my project.pdb
c:\users\ynari\source\repos\rhythm paradise\x64\debug\my project.res
c:\users\ynari\source\repos\rhythm paradise\x64\debug\main.obj.enc
c:\users\ynari\source\repos\rhythm paradise\x64\debug\utikomi.obj.enc
c:\users\ynari\source\repos\rhythm paradise\x64\debug\my project.tlog\cl.command.1.tlog
c:\users\ynari\source\repos\rhythm paradise\x64\debug\my project.tlog\cl.items.tlog
c:\users\ynari\source\repos\rhythm paradise\x64\debug\my project.tlog\cl.read.1.tlog
c:\users\ynari\source\repos\rhythm paradise\x64\debug\my project.tlog\cl.write.1.tlog
c:\users\ynari\source\repos\rhythm paradise\x64\debug\my project.tlog\link.command.1.tlog
c:\users\ynari\source\repos\rhythm paradise\x64\debug\my project.tlog\link.read.1.tlog
c:\users\ynari\source\repos\rhythm paradise\x64\debug\my project.tlog\link.write.1.tlog
c:\users\ynari\source\repos\rhythm paradise\x64\debug\my project.tlog\rc.command.1.tlog
c:\users\ynari\source\repos\rhythm paradise\x64\debug\my project.tlog\rc.read.1.tlog
c:\users\ynari\source\repos\rhythm paradise\x64\debug\my project.tlog\rc.write.1.tlog
